<?xml version="1.0" encoding="UTF-8"?>
<!-- Generated by org.testng.reporters.JUnitReportReporter -->
<testsuite hostname="LAPTOP-JH8F5Q44" failures="0" tests="3" name="testCases.TC001_AccountRegistrationTest" time="6.120" errors="0" timestamp="2024-11-01T15:42:29 IST" skipped="0">
  <testcase classname="testCases.TC001_AccountRegistrationTest" name="tearDown" time="2.106"/>
  <testcase classname="testCases.TC001_AccountRegistrationTest" name="tearDown" time="2.080"/>
  <testcase classname="testCases.TC001_AccountRegistrationTest" name="tearDown" time="1.934"/>
</testsuite> <!-- testCases.TC001_AccountRegistrationTest -->
